:Corrupted Data: Citizen: 30136716 - unexisting nationality
:Corrupted Data: Citizen: 30136716 - corrupted date
:RepeatedUser: The user 279105571 is already on the database.
:Corrupted Data: Citizen: 28494280 - unexisting nationality
:Corrupted Data: Citizen: 28494280 - corrupted date
:Corrupted Data: Citizen: 14197237 - unexisting nationality
:Corrupted Data: Citizen: 14197237 - corrupted date
:RepeatedUser: The user 808416314 is already on the database.
:Corrupted Data: Citizen: 9940396 - corrupted date
:Corrupted Data:Citizen: 2365150 - unexisting name
:Corrupted Data: Citizen: 10284302 - unexisting NIF
:Corrupted Data: Citizen: 12043287 - unexisting address
:Corrupted Data: Citizen: 33088416 - unexisting polling station code
:Corrupted Data: Citizen: 26251751 - unexisting email
:RepeatedUser: The user 675454312 is already on the database.
:Corrupted Data: Citizen: 7594310 - unexisting lastname
:Corrupted Data: Citizen: 14422499 - unexisting nationality
:Corrupted Data: Citizen: 14546522 - unexisting nationality
:Corrupted Data: Citizen: 14546522 - corrupted date
:RepeatedUser: The user 279105571 is already on the database.
:Corrupted Data: Citizen: 5120780 - unexisting nationality
:Corrupted Data: Citizen: 5120780 - corrupted date
:RepeatedUser: The user -225649648 is already on the database.
:Corrupted Data: Citizen: 33258172 - unexisting nationality
:Corrupted Data: Citizen: 33258172 - corrupted date
:RepeatedUser: The user 279105571 is already on the database.
:Corrupted Data: Citizen: 2154410 - unexisting nationality
:Corrupted Data: Citizen: 2154410 - corrupted date
:RepeatedUser: The user -225649648 is already on the database.
:Corrupted Data: Citizen: 33258172 - unexisting nationality
:Corrupted Data: Citizen: 33258172 - corrupted date
:RepeatedUser: The user 279105571 is already on the database.
:Corrupted Data: Citizen: 20845275 - unexisting nationality
:Corrupted Data: Citizen: 20845275 - corrupted date
:RepeatedUser: The user -225649648 is already on the database.
:Corrupted Data: Citizen: 25784117 - unexisting nationality
:Corrupted Data: Citizen: 25784117 - corrupted date
:RepeatedUser: The user 279105571 is already on the database.
:Corrupted Data: Citizen: 29522452 - unexisting nationality
:Corrupted Data: Citizen: 29522452 - corrupted date
:RepeatedUser: The user -225649648 is already on the database.
:Corrupted Data: Citizen: 26195482 - unexisting nationality
:Corrupted Data: Citizen: 26195482 - corrupted date
:RepeatedUser: The user 279105571 is already on the database.
:Corrupted Data: Citizen: 9258816 - unexisting nationality
:Corrupted Data: Citizen: 9258816 - corrupted date
:Corrupted Data: Citizen: 18435072 - unexisting nationality
:Corrupted Data: Citizen: 18435072 - corrupted date
:RepeatedUser: The user 808416314 is already on the database.
:Corrupted Data: Citizen: 9733469 - corrupted date
:Corrupted Data:Citizen: 26548344 - unexisting name
:Corrupted Data: Citizen: 19294171 - unexisting NIF
:Corrupted Data: Citizen: 16927418 - unexisting address
:Corrupted Data: Citizen: 33199402 - unexisting polling station code
:Corrupted Data: Citizen: 16719861 - unexisting email
:RepeatedUser: The user 675454312 is already on the database.
:Corrupted Data: Citizen: 6010510 - unexisting lastname
:Corrupted Data: Citizen: 24863269 - unexisting nationality
